build/app/outputs/mapping/release/seeds.txt
com.example.yoga_student_app.MainActivity
com.example.yoga_student_app.MainActivity: MainActivity()
...
androidx.window.layout.SidecarCompat: void register(android.os.IBinder,android.app.Activity)
androidx.window.layout.ActivityCompatHelperApi30: android.graphics.Rect currentWindowBounds(android.app.Activity)
androidx.window.R$styleable: R$styleable()
androidx.appcompat.widget.Toolbar: void setTitle(int)
io.flutter.embedding.engine.FlutterJNI: void nativeUpdateJavaAssetManager(long,android.content.res.AssetManager,java.lang.String)
androidx.window.layout.FoldingFeature$OcclusionType$Companion: FoldingFeature$OcclusionType$Companion(kotlin.jvm.internal.DefaultConstructorMarker)
com.luck.picture.lib.photoview.PhotoView: void setOnViewTapListener(com.luck.picture.lib.photoview.OnViewTapListener)
androidx.window.layout.SidecarAdapter$Companion: androidx.window.layout.DisplayFeature translate$window_release(androidx.window.sidecar.SidecarDisplayFeature,androidx.window.sidecar.SidecarDeviceState)
androidx.recyclerview.widget.RecyclerView: void setOnScrollListener(androidx.recyclerview.widget.RecyclerView$OnScrollListener)
androidx.appcompat.widget.AppCompatTextView: android.graphics.PorterDuff$Mode getSupportBackgroundTintMode()
androidx.appcompat.widget.AppCompatImageButton: void setBackgroundDrawable(android.graphics.drawable.Drawable)
com.yalantis.ucrop.view.CropImageView: void setTargetAspectRatio(float)
androidx.appcompat.widget.ActionMenuView: void setExpandedActionViewsExclusive(boolean)
kotlin.coroutines.intrinsics.CoroutineSingletons: kotlin.coroutines.intrinsics.CoroutineSingletons valueOf(java.lang.String)
io.flutter.view.AccessibilityBridge$TextDirection: io.flutter.view.AccessibilityBridge$TextDirection valueOf(java.lang.String)
androidx.window.layout.WindowMetrics: android.graphics.Rect getBounds()
androidx.recyclerview.widget.RecyclerView: androidx.core.view.NestedScrollingChildHelper getScrollingChildHelper()
androidx.window.embedding.EmbeddingBackend: void registerSplitListenerForActivity(android.app.Activity,java.util.concurrent.Executor,androidx.core.util.Consumer)
androidx.core.widget.NestedScrollView: void setFillViewport(boolean)
kotlin.jvm.internal.FunctionReference: kotlin.reflect.KCallable computeReflected()
androidx.vectordrawable.graphics.drawable.VectorDrawableCompat$VPathRenderer: int getRootAlpha()
androidx.fragment.app.FragmentActivity: FragmentActivity()
androidx.window.embedding.ActivityStack: boolean equals(java.lang.Object)
androidx.appcompat.widget.ActionBarContainer: ActionBarContainer(android.content.Context,android.util.AttributeSet)
androidx.appcompat.widget.AppCompatButton: void setBackgroundDrawable(android.graphics.drawable.Drawable)
androidx.appcompat.widget.AppCompatEditText: void setBackgroundDrawable(android.graphics.drawable.Drawable)
androidx.window.layout.SidecarWindowBackend: void setWindowExtension(androidx.window.layout.ExtensionInterfaceCompat)
androidx.window.layout.SidecarWindowBackend$Companion: boolean isSidecarVersionSupported(androidx.window.core.Version)
androidx.appcompat.widget.AppCompatButton: int getAutoSizeMinTextSize()
androidx.appcompat.widget.AppCompatImageView: void setImageURI(android.net.Uri)
androidx.window.layout.SidecarCompat: androidx.window.layout.WindowLayoutInfo getWindowLayoutInfo(android.app.Activity)
io.flutter.embedding.engine.FlutterJNI: void setAccessibilityDelegate(io.flutter.embedding.engine.FlutterJNI$AccessibilityDelegate)
io.flutter.plugin.editing.ImeSyncDeferringInsetsCallback$AnimationCallback: android.view.WindowInsets onProgress(android.view.WindowInsets,java.util.List)
androidx.appcompat.app.AppCompatActivity: AppCompatActivity()
kotlin.jvm.internal.FunctionReference: boolean isSuspend()
androidx.appcompat.widget.AppCompatImageButton: void setImageURI(android.net.Uri)
androidx.window.layout.WindowMetricsCalculatorDecorator: androidx.window.layout.WindowMetricsCalculator decorate(androidx.window.layout.WindowMetricsCalculator)
androidx.appcompat.widget.Toolbar: void setContentInsetStartWithNavigation(int)