build/app/outputs/mapping/release/mapping.txt
# compiler: R8
# compiler_version: 3.1.66
# min_api: 21
# pg_map_id: 274344a
# common_typos_disable
# {"id":"com.android.tools.r8.mapping","version":"1.0"}
...
kotlin.text.StringsKt__RegexExtensionsJVMKt -> o4.g:
kotlin.text.StringsKt__RegexExtensionsKt -> o4.h:
kotlin.text.StringsKt__StringBuilderJVMKt -> o4.i:
kotlin.text.StringsKt__StringBuilderKt -> o4.j:
kotlin.text.StringsKt__StringNumberConversionsJVMKt -> o4.k:
kotlin.text.StringsKt__StringNumberConversionsKt -> o4.l:
    java.lang.Integer toIntOrNull(java.lang.String) -> f
    java.lang.Integer toIntOrNull(java.lang.String,int) -> g
    java.lang.Long toLongOrNull(java.lang.String) -> h
    java.lang.Long toLongOrNull(java.lang.String,int) -> i
kotlin.text.StringsKt__StringsJVMKt -> o4.m:
    boolean endsWith(java.lang.String,java.lang.String,boolean) -> j
    boolean endsWith$default(java.lang.String,java.lang.String,boolean,int,java.lang.Object) -> k
    boolean isBlank(java.lang.CharSequence) -> l
    boolean regionMatches(java.lang.String,int,java.lang.String,int,int,boolean) -> m
    boolean startsWith(java.lang.String,java.lang.String,boolean) -> n
    boolean startsWith$default(java.lang.String,java.lang.String,boolean,int,java.lang.Object) -> o
kotlin.text.StringsKt__StringsKt -> o4.n:
    int indexOf$default(java.lang.CharSequence,java.lang.String,int,boolean,int,java.lang.Object) -> A
    int indexOfAny(java.lang.CharSequence,char[],int,boolean) -> B
    int lastIndexOf(java.lang.CharSequence,char,int,boolean) -> C
    int lastIndexOf(java.lang.CharSequence,java.lang.String,int,boolean) -> D
    int lastIndexOf$default(java.lang.CharSequence,char,int,boolean,int,java.lang.Object) -> E
    int lastIndexOf$default(java.lang.CharSequence,java.lang.String,int,boolean,int,java.lang.Object) -> F
    int lastIndexOfAny(java.lang.CharSequence,char[],int,boolean) -> G
    kotlin.sequences.Sequence lineSequence(java.lang.CharSequence) -> H
    java.util.List lines(java.lang.CharSequence) -> I
    kotlin.sequences.Sequence rangesDelimitedBy$StringsKt__StringsKt(java.lang.CharSequence,java.lang.String[],int,boolean,int) -> J
    kotlin.sequences.Sequence rangesDelimitedBy$StringsKt__StringsKt$default(java.lang.CharSequence,java.lang.String[],int,boolean,int,int,java.lang.Object) -> K
    boolean regionMatchesImpl(java.lang.CharSequence,int,java.lang.CharSequence,int,int,boolean) -> L
    void requireNonNegativeLimit(int) -> M
    kotlin.sequences.Sequence splitToSequence(java.lang.CharSequence,java.lang.String[],boolean,int) -> N
    kotlin.sequences.Sequence splitToSequence$default(java.lang.CharSequence,java.lang.String[],boolean,int,int,java.lang.Object) -> O
kotlin.text.StringsKt__StringsKt$rangesDelimitedBy$2 -> o4.n$a:
    java.util.List $delimitersList -> e
    boolean $ignoreCase -> f
    kotlin.Pair invoke(java.lang.CharSequence,int) -> a
kotlin.text.StringsKt__StringsKt$splitToSequence$1 -> o4.n$b:
    java.lang.CharSequence $this_splitToSequence -> e
    java.lang.String invoke(kotlin.ranges.IntRange) -> a
kotlin.text.StringsKt___StringsJvmKt -> o4.o:
kotlin.text.StringsKt___StringsKt -> o4.p:
    java.lang.String drop(java.lang.String,int) -> b0
kotlinx.coroutines.AbstractCoroutine -> p4.a:
    kotlin.coroutines.CoroutineContext context -> f
    void handleOnCompletionException$kotlinx_coroutines_core(java.lang.Throwable) -> Q
    java.lang.String nameString$kotlinx_coroutines_core() -> X
    boolean isActive() -> c
    void onCompletionInternal(java.lang.Object) -> c0
    kotlin.coroutines.CoroutineContext getCoroutineContext() -> e
    void afterResume(java.lang.Object) -> s0
    void onCancelled(java.lang.Throwable,boolean) -> t0
    void onCompleted(java.lang.Object) -> u0
    void start(kotlinx.coroutines.CoroutineStart,java.lang.Object,kotlin.jvm.functions.Function2) -> v0
    java.lang.String cancellationExceptionMessage() -> z
kotlinx.coroutines.AbstractTimeSource -> p4.b:
kotlinx.coroutines.AbstractTimeSourceKt -> p4.c:
    kotlinx.coroutines.AbstractTimeSource timeSource -> a
    kotlinx.coroutines.AbstractTimeSource getTimeSource() -> a