build/app/outputs/mapping/release/usage.txt
com.example.yoga_student_app.BuildConfig
com.example.yoga_student_app.R$anim
com.example.yoga_student_app.R$animator
com.example.yoga_student_app.R$attr
com.example.yoga_student_app.R$bool
com.example.yoga_student_app.R$color
com.example.yoga_student_app.R$dimen
com.example.yoga_student_app.R$drawable
com.example.yoga_student_app.R$id
com.example.yoga_student_app.R$integer
com.example.yoga_student_app.R$interpolator
com.example.yoga_student_app.R$layout
com.example.yoga_student_app.R$menu
com.example.yoga_student_app.R$mipmap
com.example.yoga_student_app.R$raw
com.example.yoga_student_app.R$string
com.example.yoga_student_app.R$style
com.example.yoga_student_app.R$styleable
com.example.yoga_student_app.R$xml
com.example.yoga_student_app.R
...
androidx.recyclerview.widget.DiffUtil$Range
androidx.recyclerview.widget.DiffUtil$Snake
androidx.recyclerview.widget.DiffUtil
androidx.recyclerview.widget.DividerItemDecoration
androidx.recyclerview.widget.FastScroller:
    private static final int ANIMATION_STATE_FADING_IN
    private static final int ANIMATION_STATE_FADING_OUT
    private static final int ANIMATION_STATE_IN
    private static final int ANIMATION_STATE_OUT
    private static final int DRAG_NONE
    private static final int DRAG_X
    private static final int DRAG_Y
    private static final int HIDE_DELAY_AFTER_DRAGGING_MS
    private static final int HIDE_DELAY_AFTER_VISIBLE_MS
    private static final int HIDE_DURATION_MS
    private static final int SCROLLBAR_FULL_OPAQUE
    private static final int SHOW_DURATION_MS
    private static final int STATE_DRAGGING
    private static final int STATE_HIDDEN
    private static final int STATE_VISIBLE
    android.graphics.drawable.Drawable getHorizontalThumbDrawable()
    android.graphics.drawable.Drawable getHorizontalTrackDrawable()
    android.graphics.drawable.Drawable getVerticalThumbDrawable()
    android.graphics.drawable.Drawable getVerticalTrackDrawable()
    public boolean isDragging()
    boolean isVisible()
androidx.recyclerview.widget.GridLayoutManager$LayoutParams:
    public static final int INVALID_SPAN_ID
    public void <init>(androidx.recyclerview.widget.RecyclerView$LayoutParams)
androidx.recyclerview.widget.GridLayoutManager$SpanSizeLookup:
    public boolean isSpanGroupIndexCacheEnabled()
    public boolean isSpanIndexCacheEnabled()
    public void setSpanGroupIndexCacheEnabled(boolean)
    public void setSpanIndexCacheEnabled(boolean)
androidx.recyclerview.widget.GridLayoutManager:
    private static final boolean DEBUG
    public static final int DEFAULT_SPAN_COUNT
    private static final java.lang.String TAG
    public void <init>(android.content.Context,int,int,boolean)
    public androidx.recyclerview.widget.GridLayoutManager$SpanSizeLookup getSpanSizeLookup()
    public boolean isUsingSpansToEstimateScrollbarDimensions()
    public void setSpanSizeLookup(androidx.recyclerview.widget.GridLayoutManager$SpanSizeLookup)
    public void setUsingSpansToEstimateScrollbarDimensions(boolean)
androidx.recyclerview.widget.ItemTouchHelper$Callback:
    private static final int ABS_HORIZONTAL_DIR_FLAGS
    public static final int DEFAULT_DRAG_ANIMATION_DURATION
    public static final int DEFAULT_SWIPE_ANIMATION_DURATION
    private static final long DRAG_SCROLL_ACCELERATION_LIMIT_TIME_MS
    static final int RELATIVE_DIR_FLAGS
    public static androidx.recyclerview.widget.ItemTouchUIUtil getDefaultUIUtil()
    boolean hasSwipeFlag(androidx.recyclerview.widget.RecyclerView,androidx.recyclerview.widget.RecyclerView$ViewHolder)
androidx.recyclerview.widget.ItemTouchHelper$SimpleCallback
androidx.recyclerview.widget.ItemTouchHelper:
    static final int ACTION_MODE_DRAG_MASK
    private static final int ACTION_MODE_IDLE_MASK
    static final int ACTION_MODE_SWIPE_MASK
    public static final int ACTION_STATE_DRAG
    public static final int ACTION_STATE_IDLE
    public static final int ACTION_STATE_SWIPE
    private static final int ACTIVE_POINTER_ID_NONE
    public static final int ANIMATION_TYPE_DRAG
    public static final int ANIMATION_TYPE_SWIPE_CANCEL
    public static final int ANIMATION_TYPE_SWIPE_SUCCESS
    private static final boolean DEBUG
    static final int DIRECTION_FLAG_COUNT
    public static final int DOWN
    public static final int END
    public static final int LEFT
    private static final int PIXELS_PER_SECOND
    public static final int RIGHT
    public static final int START
    private static final java.lang.String TAG
    public static final int UP
    public void startSwipe(androidx.recyclerview.widget.RecyclerView$ViewHolder)